<?xml version="1.0" encoding="UTF-8"?>
<testsuite xmlns:xsi="http://www.w3.org/2001/XMLSchema-instance" xsi:noNamespaceSchemaLocation="https://maven.apache.org/surefire/maven-surefire-plugin/xsd/surefire-test-report-3.0.xsd" version="3.0" name="org.example.PlaylistTest" time="0.033" tests="9" errors="0" skipped="0" failures="0">
  <properties>
[...]
</properties>
  <testcase name="outputXML" classname="org.example.PlaylistTest" time="0.001">
    <system-out><![CDATA[no test to avoid overwriting existing .xml output
]]></system-out>
  </testcase>
  <testcase name="shufflePlaylist" classname="org.example.PlaylistTest" time="0.004">
    <system-out><![CDATA[---------------------------
Song order in PlayList
name: Song 1; number of Listeners: 5
name: Song 2; number of Listeners: 10
name: Song 3; number of Listeners: 15
name: Song 4; number of Listeners: 20
name: Song 5; number of Listeners: 25
name: Song 6; number of Listeners: 30
---------------------------
---------------------------
Song order in PlayList
name: Song 2; number of Listeners: 10
name: Song 4; number of Listeners: 20
name: Song 3; number of Listeners: 15
name: Song 1; number of Listeners: 5
name: Song 5; number of Listeners: 25
name: Song 6; number of Listeners: 30
---------------------------
]]></system-out>
  </testcase>
  <testcase name="addSong" classname="org.example.PlaylistTest" time="0.001">
    <system-out><![CDATA[Song already in playlist, not adding duplicate...
]]></system-out>
  </testcase>
  <testcase name="printSongOrderAndNListeners" classname="org.example.PlaylistTest" time="0.001">
    <system-out><![CDATA[---------------------------
Song order in PlayList
name: Song 1; number of Listeners: 5
name: Song 2; number of Listeners: 10
name: Song 3; number of Listeners: 15
name: Song 4; number of Listeners: 20
name: Song 5; number of Listeners: 25
name: Song 6; number of Listeners: 30
---------------------------
]]></system-out>
  </testcase>
  <testcase name="writeToXML" classname="org.example.PlaylistTest" time="0.006">
    <system-out><![CDATA[<?xml version="1.0"  ?><songs><song id="0"><title>Song 1</title><artist id="0">Artist 1</artist><album id="0>Album 1</album><numOfListeners>5</numOfListeners></song><song id="0"><title>Song 2</title><artist id="0">Artist 2</artist><album id="0>Album 2</album><numOfListeners>10</numOfListeners></song><song id="0"><title>Song 3</title><artist id="0">Artist 3</artist><album id="0>Album 3</album><numOfListeners>15</numOfListeners></song><song id="0"><title>Song 4</title><artist id="0">Artist 4</artist><album id="0>Album 4</album><numOfListeners>20</numOfListeners></song><song id="0"><title>Song 5</title><artist id="0">Artist 5</artist><album id="0>Album 5</album><numOfListeners>25</numOfListeners></song><song id="0"><title>Song 6</title><artist id="0">Artist 6</artist><album id="0>Album 6</album><numOfListeners>30</numOfListeners></song></songs>
]]></system-out>
  </testcase>
  <testcase name="size" classname="org.example.PlaylistTest" time="0.001">
    <system-out><![CDATA[Song already in playlist, not adding duplicate...
]]></system-out>
  </testcase>
  <testcase name="mergePlaylist" classname="org.example.PlaylistTest" time="0.002"/>
  <testcase name="deleteSong" classname="org.example.PlaylistTest" time="0.013">
    <system-out><![CDATA[Song exists, delete? (Y/N) 
Deleting song: Song 1
The song Song 1 is not in the playList.
]]></system-out>
  </testcase>
  <testcase name="sortPlaylist" classname="org.example.PlaylistTest" time="0.001">
    <system-out><![CDATA[---------------------------
Song order in PlayList
name: Song 5; number of Listeners: 25
name: Song 1; number of Listeners: 5
name: Song 2; number of Listeners: 10
name: Song 4; number of Listeners: 20
name: Song 3; number of Listeners: 15
name: Song 6; number of Listeners: 30
---------------------------
---------------------------
Song order in PlayList
name: Song 6; number of Listeners: 30
name: Song 5; number of Listeners: 25
name: Song 4; number of Listeners: 20
name: Song 3; number of Listeners: 15
name: Song 2; number of Listeners: 10
name: Song 1; number of Listeners: 5
---------------------------
]]></system-out>
  </testcase>
</testsuite>