<?xml version="1.0" encoding="UTF-8"?>
<testsuite xmlns:xsi="http://www.w3.org/2001/XMLSchema-instance" xsi:noNamespaceSchemaLocation="https://maven.apache.org/surefire/maven-surefire-plugin/xsd/surefire-test-report-3.0.xsd" version="3.0" name="org.example.AlbumTest" time="0.009" tests="10" errors="0" skipped="0" failures="0">
  <properties>
[...]
</properties>
  <testcase name="fromSQL" classname="org.example.AlbumTest" time="0.004"/>
  <testcase name="getName" classname="org.example.AlbumTest" time="0"/>
  <testcase name="setArtist" classname="org.example.AlbumTest" time="0"/>
  <testcase name="toSQL" classname="org.example.AlbumTest" time="0.001"/>
  <testcase name="getAudioDbId" classname="org.example.AlbumTest" time="0"/>
  <testcase name="getArtist" classname="org.example.AlbumTest" time="0.001"/>
  <testcase name="testEquals" classname="org.example.AlbumTest" time="0"/>
  <testcase name="setSongs" classname="org.example.AlbumTest" time="0"/>
  <testcase name="setAudioDbId" classname="org.example.AlbumTest" time="0"/>
  <testcase name="getSongs" classname="org.example.AlbumTest" time="0.001"/>
</testsuite>